[debug] [2023-09-27T17:53:01.312Z] ----------------------------------------------------------------------
[debug] [2023-09-27T17:53:01.316Z] Command:       C:\Program Files\nodejs\node.exe C:\Users\David\AppData\Roaming\npm\node_modules\firebase-tools\lib\bin\firebase.js init
[debug] [2023-09-27T17:53:01.316Z] CLI Version:   12.6.0
[debug] [2023-09-27T17:53:01.316Z] Platform:      win32
[debug] [2023-09-27T17:53:01.317Z] Node Version:  v20.6.1
[debug] [2023-09-27T17:53:01.317Z] Time:          Wed Sep 27 2023 19:53:01 GMT+0200 (Ora legale dell’Europa centrale)
[debug] [2023-09-27T17:53:01.317Z] ----------------------------------------------------------------------
[debug] 
[debug] [2023-09-27T17:53:01.327Z] > command requires scopes: ["email","openid","https://www.googleapis.com/auth/cloudplatformprojects.readonly","https://www.googleapis.com/auth/firebase","https://www.googleapis.com/auth/cloud-platform"]
[debug] [2023-09-27T17:53:01.327Z] > authorizing via signed-in user (davidesabia22@gmail.com)
[info] 
     ######## #### ########  ######## ########     ###     ######  ########
     ##        ##  ##     ## ##       ##     ##  ##   ##  ##       ##
     ######    ##  ########  ######   ########  #########  ######  ######
     ##        ##  ##    ##  ##       ##     ## ##     ##       ## ##
     ##       #### ##     ## ######## ########  ##     ##  ######  ########

You're about to initialize a Firebase project in this directory:

  C:\Users\David\Desktop\Portfolio\dino-996_portfolio

[info] 
=== Project Setup
[info] 
[info] First, let's associate this project directory with a Firebase project.
[info] You can create multiple project aliases by running firebase use --add, 
[info] but for now we'll just set up a default project.
[info] 
[debug] [2023-09-27T17:53:36.854Z] >>> [apiv2][query] GET https://firebase.googleapis.com/v1beta1/projects pageSize=100
[debug] [2023-09-27T17:53:38.090Z] <<< [apiv2][status] GET https://firebase.googleapis.com/v1beta1/projects 200
[debug] [2023-09-27T17:53:38.090Z] <<< [apiv2][body] GET https://firebase.googleapis.com/v1beta1/projects [omitted]
[info] i  Using project portfolio-davide-sabia (Portfolio) 
[info] 
=== Hosting Setup
[info] 
[info] Your public directory is the folder (relative to your project directory) that
[info] will contain Hosting assets to be uploaded with firebase deploy. If you
[info] have a build process for your assets, use your build's output directory.
[info] 
[info] +  Wrote dist/404.html 
[debug] [2023-09-27T17:55:44.513Z] >>> [apiv2][query] GET https://www.gstatic.com/firebasejs/releases.json [none]
[debug] [2023-09-27T17:55:44.746Z] <<< [apiv2][status] GET https://www.gstatic.com/firebasejs/releases.json 200
[debug] [2023-09-27T17:55:44.746Z] <<< [apiv2][body] GET https://www.gstatic.com/firebasejs/releases.json {"current":{"version":"10.4.0","browserURL":"https://www.gstatic.com/firebasejs/10.4.0/firebase.js","packageURL":"https://www.gstatic.com/firebasejs/10.4.0/firebase.tgz"},"live":{"version":"10.4","browserURL":"https://www.gstatic.com/firebasejs/live/10.4/firebase.js","packageURL":"https://www.gstatic.com/firebasejs/live/10.4/firebase.tgz"},"components":{"analytics":"https://www.gstatic.com/firebasejs/10.4.0/firebase-analytics.js","app":"https://www.gstatic.com/firebasejs/10.4.0/firebase-app.js","app-check":"https://www.gstatic.com/firebasejs/10.4.0/firebase-app-check.js","auth":"https://www.gstatic.com/firebasejs/10.4.0/firebase-auth.js","auth/cordova":"https://www.gstatic.com/firebasejs/10.4.0/firebase-auth/cordova.js","functions":"https://www.gstatic.com/firebasejs/10.4.0/firebase-functions.js","firestore":"https://www.gstatic.com/firebasejs/10.4.0/firebase-firestore.js","firestore/lite":"https://www.gstatic.com/firebasejs/10.4.0/firebase-firestore/lite.js","installations":"https://www.gstatic.com/firebasejs/10.4.0/firebase-installations.js","storage":"https://www.gstatic.com/firebasejs/10.4.0/firebase-storage.js","performance":"https://www.gstatic.com/firebasejs/10.4.0/firebase-performance.js","remote-config":"https://www.gstatic.com/firebasejs/10.4.0/firebase-remote-config.js","messaging":"https://www.gstatic.com/firebasejs/10.4.0/firebase-messaging.js","messaging/sw":"https://www.gstatic.com/firebasejs/10.4.0/firebase-messaging/sw.js","database":"https://www.gstatic.com/firebasejs/10.4.0/firebase-database.js","firestore.memory":"https://www.gstatic.com/firebasejs/10.4.0/firebase-firestore.memory.js"}}
[info] i  Skipping write of dist/index.html 
[info] 
[info] i  Didn't detect a .git folder. Assuming C:\Users\David\Desktop\Portfolio\dino-996_portfolio is the project root. 
[info] i  Authorizing with GitHub to upload your service account to a GitHub repository's secrets store. 
[info] 
[info] Visit this URL on this device to log in:
[info] https://github.com/login/oauth/authorize?client_id=89cf50f02ac6aaed3484&state=299930144&redirect_uri=http%3A%2F%2Flocalhost%3A9005&scope=read%3Auser%20repo%20public_repo
[info] 
[info] Waiting for authentication...
[debug] [2023-09-27T17:55:58.258Z] >>> [apiv2][query] POST https://github.com/login/oauth/access_token [none]
[debug] [2023-09-27T17:55:58.258Z] >>> [apiv2][body] POST https://github.com/login/oauth/access_token [stream]
[debug] [2023-09-27T17:55:58.767Z] <<< [apiv2][status] POST https://github.com/login/oauth/access_token 200
[debug] [2023-09-27T17:55:58.768Z] <<< [apiv2][body] POST https://github.com/login/oauth/access_token {"access_token":"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","token_type":"bearer","scope":"read:user,repo"}
[debug] [2023-09-27T17:55:58.776Z] >>> [apiv2][query] GET https://api.github.com/user [none]
[debug] [2023-09-27T17:55:59.146Z] <<< [apiv2][status] GET https://api.github.com/user 200
[debug] [2023-09-27T17:55:59.147Z] <<< [apiv2][body] GET https://api.github.com/user {"login":"Dino-996","id":67854837,"node_id":"MDQ6VXNlcjY3ODU0ODM3","avatar_url":"https://avatars.githubusercontent.com/u/67854837?v=4","gravatar_id":"","url":"https://api.github.com/users/Dino-996","html_url":"https://github.com/Dino-996","followers_url":"https://api.github.com/users/Dino-996/followers","following_url":"https://api.github.com/users/Dino-996/following{/other_user}","gists_url":"https://api.github.com/users/Dino-996/gists{/gist_id}","starred_url":"https://api.github.com/users/Dino-996/starred{/owner}{/repo}","subscriptions_url":"https://api.github.com/users/Dino-996/subscriptions","organizations_url":"https://api.github.com/users/Dino-996/orgs","repos_url":"https://api.github.com/users/Dino-996/repos","events_url":"https://api.github.com/users/Dino-996/events{/privacy}","received_events_url":"https://api.github.com/users/Dino-996/received_events","type":"User","site_admin":false,"name":"Davide Sabia","company":null,"blog":"https://dino-996.github.io","location":"Italy","email":"davidesabia22@gmail.com","hireable":true,"bio":"There are no certainties... only opportunities","twitter_username":null,"public_repos":5,"public_gists":1,"followers":1,"following":2,"created_at":"2020-07-05T07:13:21Z","updated_at":"2023-09-27T11:28:39Z","private_gists":23,"total_private_repos":0,"owned_private_repos":0,"disk_usage":263037,"collaborators":0,"two_factor_authentication":false,"plan":{"name":"free","space":976562499,"collaborators":0,"private_repos":10000}}
[info] 
[info] +  Success! Logged into GitHub as Dino-996 
[info] 
